<?xml version="1.0" encoding="UTF-8"?>
<robot generator="Robot 7.0 (Python 3.12.3 on win32)" generated="2024-05-31T22:02:01.549390" rpa="false" schemaversion="5">
<suite id="s1" name="Search Flight" source="C:\Users\acer\Mobile-Automation-RobotFramework\Suites\Search_Flight.robot">
<test id="s1-t1" name="User Should Be Able To Login Wait Valid Credential" line="18">
<kw name="Open Flight Application" owner="base" type="SETUP">
<kw name="Open Application" owner="AppiumLibrary">
<arg>${REMOTE_URL}</arg>
<arg>platformName=${platformName}</arg>
<arg>udid=${UDID}</arg>
<arg>appPackage=${APP_PACKAGE}</arg>
<arg>appActivity=${APP_ACTIVITY}</arg>
<doc>Opens a new application to given Appium server.
Capabilities of appium server, Android and iOS,
Please check https://github.com/appium/appium/blob/master/docs/en/writing-running-appium/server-args.md
| *Option*            | *Man.* | *Description*     |
| remote_url          | Yes    | Appium server url |
| alias               | no     | alias             |
| strict_ssl          | No     | allows you to send commands to an invalid certificate host like a self-signed one. |</doc>
<status status="PASS" start="2024-05-31T22:02:03.092931" elapsed="29.325802"/>
</kw>
<status status="PASS" start="2024-05-31T22:02:03.090931" elapsed="29.327802"/>
</kw>
<kw name="Verify Home Screen Appears" owner="homePage">
<kw name="Element Should Be Visible" owner="AppiumLibrary">
<kw name="Capture Page Screenshot" owner="AppiumLibrary">
<msg time="2024-05-31T22:02:35.361459" level="FAIL">WebDriverException: Message: An unknown server-side error occurred while processing the command. Original error: Could not proxy command to the remote server. Original error: socket hang up
Stacktrace:
UnknownError: An unknown server-side error occurred while processing the command. Original error: Could not proxy command to the remote server. Original error: socket hang up
    at UIA2Proxy.command (C:\Users\acer\Downloads\resources\app\node_modules\appium\node_modules\appium-base-driver\lib\jsonwp-proxy\proxy.js:274:13)
    at runMicrotasks (&lt;anonymous&gt;)
    at processTicksAndRejections (internal/process/task_queues.js:97:5)
    at AndroidUiautomator2Driver.commands.getScreenshot (C:\Users\acer\Downloads\resources\app\node_modules\appium\node_modules\appium-uiautomator2-driver\lib\commands\screenshot.js:14:10)</msg>
<doc>Takes a screenshot of the current page and embeds it into the log.</doc>
<status status="FAIL" start="2024-05-31T22:02:35.282365" elapsed="0.285646">WebDriverException: Message: An unknown server-side error occurred while processing the command. Original error: Could not proxy command to the remote server. Original error: socket hang up
Stacktrace:
UnknownError: An unknown server-side error occurred while processing the command. Original error: Could not proxy command to the remote server. Original error: socket hang up
    at UIA2Proxy.command (C:\Users\acer\Downloads\resources\app\node_modules\appium\node_modules\appium-base-driver\lib\jsonwp-proxy\proxy.js:274:13)
    at runMicrotasks (&lt;anonymous&gt;)
    at processTicksAndRejections (internal/process/task_queues.js:97:5)
    at AndroidUiautomator2Driver.commands.getScreenshot (C:\Users\acer\Downloads\resources\app\node_modules\appium\node_modules\appium-uiautomator2-driver\lib\commands\screenshot.js:14:10)</status>
</kw>
<msg time="2024-05-31T22:02:35.577029" level="WARN">Keyword 'Capture Page Screenshot' could not be run on failure: WebDriverException: Message: An unknown server-side error occurred while processing the command. Original error: Could not proxy command to the remote server. Original error: socket hang up
Stacktrace:
UnknownError: An unknown server-side error occurred while processing the command. Original error: Could not proxy command to the remote server. Original error: socket hang up
    at UIA2Proxy.command (C:\Users\acer\Downloads\resources\app\node_modules\appium\node_modules\appium-base-driver\lib\jsonwp-proxy\proxy.js:274:13)
    at runMicrotasks (&lt;anonymous&gt;)
    at processTicksAndRejections (internal/process/task_queues.js:97:5)
    at AndroidUiautomator2Driver.commands.getScreenshot (C:\Users\acer\Downloads\resources\app\node_modules\appium\node_modules\appium-uiautomator2-driver\lib\commands\screenshot.js:14:10)</msg>
<msg time="2024-05-31T22:02:35.599540" level="INFO">xpath criteria: //android.widget.ImageView[@resource-id="com.example.myapplication:id/imageView4"]</msg>
<msg time="2024-05-31T22:02:35.603052" level="FAIL">WebDriverException: Message: An unknown server-side error occurred while processing the command. Original error: Could not proxy command to the remote server. Original error: socket hang up
Stacktrace:
UnknownError: An unknown server-side error occurred while processing the command. Original error: Could not proxy command to the remote server. Original error: socket hang up
    at UIA2Proxy.command (C:\Users\acer\Downloads\resources\app\node_modules\appium\node_modules\appium-base-driver\lib\jsonwp-proxy\proxy.js:274:13)
    at runMicrotasks (&lt;anonymous&gt;)
    at processTicksAndRejections (internal/process/task_queues.js:97:5)
    at AndroidUiautomator2Driver.helpers.doFindElementOrEls (C:\Users\acer\Downloads\resources\app\node_modules\appium\node_modules\appium-uiautomator2-driver\lib\commands\find.js:30:12)
    at doFind (C:\Users\acer\Downloads\resources\app\node_modules\appium\node_modules\appium-android-driver\lib\commands\find.js:36:17)
    at wrappedCondFn (C:\Users\acer\Downloads\resources\app\node_modules\appium\node_modules\appium-base-driver\lib\basedriver\commands\timeout.js:151:12)
    at spin (C:\Users\acer\Downloads\resources\app\node_modules\appium\node_modules\asyncbox\lib\asyncbox.js:138:20)
    at waitForCondition (C:\Users\acer\Downloads\resources\app\node_modules\appium\node_modules\asyncbox\lib\asyncbox.js:155:10)
    at AndroidUiautomator2Driver.implicitWaitForCondition (C:\Users\acer\Downloads\resources\app\node_modules\appium\node_modules\appium-base-driver\lib\basedriver\commands\timeout.js:153:10)
    at AndroidUiautomator2Driver.findElOrEls (C:\Users\acer\Downloads\resources\app\node_modules\appium\node_modules\appium-android-driver\lib\commands\find.js:60:5)
    at AndroidUiautomator2Driver.findElOrElsWithProcessing (C:\Users\acer\Downloads\resources\app\node_modules\appium\node_modules\appium-base-driver\lib\basedriver\commands\find.js:33:12)
    at AndroidUiautomator2Driver.findElements (C:\Users\acer\Downloads\resources\app\node_modules\appium\node_modules\appium-base-driver\lib\basedriver\commands\find.js:63:10)</msg>
<arg>locator=//android.widget.ImageView[@resource-id="com.example.myapplication:id/imageView4"]</arg>
<doc>Verifies that element identified with locator is visible.</doc>
<status status="FAIL" start="2024-05-31T22:02:32.421733" elapsed="3.186859">WebDriverException: Message: An unknown server-side error occurred while processing the command. Original error: Could not proxy command to the remote server. Original error: socket hang up
Stacktrace:
UnknownError: An unknown server-side error occurred while processing the command. Original error: Could not proxy command to the remote server. Original error: socket hang up
    at UIA2Proxy.command (C:\Users\acer\Downloads\resources\app\node_modules\appium\node_modules\appium-base-driver\lib\jsonwp-proxy\proxy.js:274:13)
    at runMicrotasks (&lt;anonymous&gt;)
    at processTicksAndRejections (internal/process/task_queues.js:97:5)
    at AndroidUiautomator2Driver.helpers.doFindElementOrEls (C:\Users\acer\Downloads\resources\app\node_modules\appium\node_modules\appium-uiautomator2-driver\lib\commands\find.js:30:12)
    at doFind (C:\Users\acer\Downloads\resources\app\node_modules\appium\node_modules\appium-android-driver\lib\commands\find.js:36:17)
    at wrappedCondFn (C:\Users\acer\Downloads\resources\app\node_modules\appium\node_modules\appium-base-driver\lib\basedriver\commands\timeout.js:151:12)
    at spin (C:\Users\acer\Downloads\resources\app\node_modules\appium\node_modules\asyncbox\lib\asyncbox.js:138:20)
    at waitForCondition (C:\Users\acer\Downloads\resources\app\node_modules\appium\node_modules\asyncbox\lib\asyncbox.js:155:10)
    at AndroidUiautomator2Driver.implicitWaitForCondition (C:\Users\acer\Downloads\resources\app\node_modules\appium\node_modules\appium-base-driver\lib\basedriver\commands\timeout.js:153:10)
    at AndroidUiautomator2Driver.findElOrEls (C:\Users\acer\Downloads\resources\app\node_modules\appium\node_modules\appium-android-driver\lib\commands\find.js:60:5)
    at AndroidUiautomator2Driver.findElOrElsWithProcessing (C:\Users\acer\Downloads\resources\app\node_modules\appium\node_modules\appium-base-driver\lib\basedriver\commands\find.js:33:12)
    at AndroidUiautomator2Driver.findElements (C:\Users\acer\Downloads\resources\app\node_modules\appium\node_modules\appium-base-driver\lib\basedriver\commands\find.js:63:10)</status>
</kw>
<status status="FAIL" start="2024-05-31T22:02:32.420732" elapsed="3.188834">WebDriverException: Message: An unknown server-side error occurred while processing the command. Original error: Could not proxy command to the remote server. Original error: socket hang up
Stacktrace:
UnknownError: An unknown server-side error occurred while processing the command. Original error: Could not proxy command to the remote server. Original error: socket hang up
    at UIA2Proxy.command (C:\Users\acer\Downloads\resources\app\node_modules\appium\node_modules\appium-base-driver\lib\jsonwp-proxy\proxy.js:274:13)
    at runMicrotasks (&lt;anonymous&gt;)
    at processTicksAndRejections (internal/process/task_queues.js:97:5)
    at AndroidUiautomator2Driver.helpers.doFindElementOrEls (C:\Users\acer\Downloads\resources\app\node_modules\appium\node_modules\appium-uiautomator2-driver\lib\commands\find.js:30:12)
    at doFind (C:\Users\acer\Downloads\resources\app\node_modules\appium\node_modules\appium-android-driver\lib\commands\find.js:36:17)
    at wrappedCondFn (C:\Users\acer\Downloads\resources\app\node_modules\appium\node_modules\appium-base-driver\lib\basedriver\commands\timeout.js:151:12)
    at spin (C:\Users\acer\Downloads\resources\app\node_modules\appium\node_modules\asyncbox\lib\asyncbox.js:138:20)
    at waitForCondition (C:\Users\acer\Downloads\resources\app\node_modules\appium\node_modules\asyncbox\lib\asyncbox.js:155:10)
    at AndroidUiautomator2Driver.implicitWaitForCondition (C:\Users\acer\Downloads\resources\app\node_modules\appium\node_modules\appium-base-driver\lib\basedriver\commands\timeout.js:153:10)
    at AndroidUiautomator2Driver.findElOrEls (C:\Users\acer\Downloads\resources\app\node_modules\appium\node_modules\appium-android-driver\lib\commands\find.js:60:5)
    at AndroidUiautomator2Driver.findElOrElsWithProcessing (C:\Users\acer\Downloads\resources\app\node_modules\appium\node_modules\appium-base-driver\lib\basedriver\commands\find.js:33:12)
    at AndroidUiautomator2Driver.findElements (C:\Users\acer\Downloads\resources\app\node_modules\appium\node_modules\appium-base-driver\lib\basedriver\commands\find.js:63:10)</status>
</kw>
<kw name="Click Sign In Button On Home Screen" owner="homePage">
<status status="NOT RUN" start="2024-05-31T22:02:35.610566" elapsed="0.000000"/>
</kw>
<kw name="Input Username" owner="loginPage">
<arg>username=${VALID_USERNAME}</arg>
<status status="NOT RUN" start="2024-05-31T22:02:35.618563" elapsed="0.000000"/>
</kw>
<kw name="Input User Password" owner="loginPage">
<arg>password=${VALID_PASSWORD}</arg>
<status status="NOT RUN" start="2024-05-31T22:02:35.639557" elapsed="0.000000"/>
</kw>
<kw name="Click Sign In Button On Login Screen" owner="loginPage">
<status status="NOT RUN" start="2024-05-31T22:02:35.641554" elapsed="0.000000"/>
</kw>
<kw name="Verify Success Login" owner="homePage">
<status status="NOT RUN" start="2024-05-31T22:02:35.642553" elapsed="0.000000"/>
</kw>
<status status="FAIL" start="2024-05-31T22:02:03.018982" elapsed="32.641614">WebDriverException: Message: An unknown server-side error occurred while processing the command. Original error: Could not proxy command to the remote server. Original error: socket hang up
Stacktrace:
UnknownError: An unknown server-side error occurred while processing the command. Original error: Could not proxy command to the remote server. Original error: socket hang up
    at UIA2Proxy.command (C:\Users\acer\Downloads\resources\app\node_modules\appium\node_modules\appium-base-driver\lib\jsonwp-proxy\proxy.js:274:13)
    at runMicrotasks (&lt;anonymous&gt;)
    at processTicksAndRejections (internal/process/task_queues.js:97:5)
    at AndroidUiautomator2Driver.helpers.doFindElementOrEls (C:\Users\acer\Downloads\resources\app\node_modules\appium\node_modules\appium-uiautomator2-driver\lib\commands\find.js:30:12)
    at doFind (C:\Users\acer\Downloads\resources\app\node_modules\appium\node_modules\appium-android-driver\lib\commands\find.js:36:17)
    at wrappedCondFn (C:\Users\acer\Downloads\resources\app\node_modules\appium\node_modules\appium-base-driver\lib\basedriver\commands\timeout.js:151:12)
    at spin (C:\Users\acer\Downloads\resources\app\node_modules\appium\node_modules\asyncbox\lib\asyncbox.js:138:20)
    at waitForCondition (C:\Users\acer\Downloads\resources\app\node_modules\appium\node_modules\asyncbox\lib\asyncbox.js:155:10)
    at AndroidUiautomator2Driver.implicitWaitForCondition (C:\Users\acer\Downloads\resources\app\node_modules\appium\node_modules\appium-base-driver\lib\basedriver\commands\timeout.js:153:10)
    at AndroidUiautomator2Driver.findElOrEls (C:\Users\acer\Downloads\resources\app\node_modules\appium\node_modules\appium-android-driver\lib\commands\find.js:60:5)
    at AndroidUiautomator2Driver.findElOrElsWithProcessing (C:\Users\acer\Downloads\resources\app\node_modules\appium\node_modules\appium-base-driver\lib\basedriver\commands\find.js:33:12)
    at AndroidUiautomator2Driver.findElements (C:\Users\acer\Downloads\resources\app\node_modules\appium\node_modules\appium-base-driver\lib\basedriver\commands\find.js:63:10)</status>
</test>
<test id="s1-t2" name="User Search Flight Invalid Flight Number" line="26">
<kw name="Open Flight Application" owner="base" type="SETUP">
<kw name="Open Application" owner="AppiumLibrary">
<kw name="Capture Page Screenshot" owner="AppiumLibrary">
<msg time="2024-05-31T22:03:14.808358" level="FAIL">WebDriverException: Message: An unknown server-side error occurred while processing the command. Original error: 'GET /screenshot' cannot be proxied to UiAutomator2 server because the instrumentation process is not running (probably crashed). Check the server log and/or the logcat output for more details
Stacktrace:
UnknownError: An unknown server-side error occurred while processing the command. Original error: 'GET /screenshot' cannot be proxied to UiAutomator2 server because the instrumentation process is not running (probably crashed). Check the server log and/or the logcat output for more details
    at UIA2Proxy.command (C:\Users\acer\Downloads\resources\app\node_modules\appium\node_modules\appium-base-driver\lib\jsonwp-proxy\proxy.js:274:13)
    at runMicrotasks (&lt;anonymous&gt;)
    at processTicksAndRejections (internal/process/task_queues.js:97:5)
    at AndroidUiautomator2Driver.commands.getScreenshot (C:\Users\acer\Downloads\resources\app\node_modules\appium\node_modules\appium-uiautomator2-driver\lib\commands\screenshot.js:14:10)</msg>
<doc>Takes a screenshot of the current page and embeds it into the log.</doc>
<status status="FAIL" start="2024-05-31T22:03:14.793846" elapsed="0.025498">WebDriverException: Message: An unknown server-side error occurred while processing the command. Original error: 'GET /screenshot' cannot be proxied to UiAutomator2 server because the instrumentation process is not running (probably crashed). Check the server log and/or the logcat output for more details
Stacktrace:
UnknownError: An unknown server-side error occurred while processing the command. Original error: 'GET /screenshot' cannot be proxied to UiAutomator2 server because the instrumentation process is not running (probably crashed). Check the server log and/or the logcat output for more details
    at UIA2Proxy.command (C:\Users\acer\Downloads\resources\app\node_modules\appium\node_modules\appium-base-driver\lib\jsonwp-proxy\proxy.js:274:13)
    at runMicrotasks (&lt;anonymous&gt;)
    at processTicksAndRejections (internal/process/task_queues.js:97:5)
    at AndroidUiautomator2Driver.commands.getScreenshot (C:\Users\acer\Downloads\resources\app\node_modules\appium\node_modules\appium-uiautomator2-driver\lib\commands\screenshot.js:14:10)</status>
</kw>
<msg time="2024-05-31T22:03:14.827341" level="WARN">Keyword 'Capture Page Screenshot' could not be run on failure: WebDriverException: Message: An unknown server-side error occurred while processing the command. Original error: 'GET /screenshot' cannot be proxied to UiAutomator2 server because the instrumentation process is not running (probably crashed). Check the server log and/or the logcat output for more details
Stacktrace:
UnknownError: An unknown server-side error occurred while processing the command. Original error: 'GET /screenshot' cannot be proxied to UiAutomator2 server because the instrumentation process is not running (probably crashed). Check the server log and/or the logcat output for more details
    at UIA2Proxy.command (C:\Users\acer\Downloads\resources\app\node_modules\appium\node_modules\appium-base-driver\lib\jsonwp-proxy\proxy.js:274:13)
    at runMicrotasks (&lt;anonymous&gt;)
    at processTicksAndRejections (internal/process/task_queues.js:97:5)
    at AndroidUiautomator2Driver.commands.getScreenshot (C:\Users\acer\Downloads\resources\app\node_modules\appium\node_modules\appium-uiautomator2-driver\lib\commands\screenshot.js:14:10)</msg>
<msg time="2024-05-31T22:03:14.831346" level="FAIL">WebDriverException: Message: An unknown server-side error occurred while processing the command. Original error: Could not proxy command to the remote server. Original error: socket hang up
Stacktrace:
UnknownError: An unknown server-side error occurred while processing the command. Original error: Could not proxy command to the remote server. Original error: socket hang up
    at UIA2Proxy.command (C:\Users\acer\Downloads\resources\app\node_modules\appium\node_modules\appium-base-driver\lib\jsonwp-proxy\proxy.js:274:13)
    at runMicrotasks (&lt;anonymous&gt;)
    at processTicksAndRejections (internal/process/task_queues.js:97:5)
    at AndroidUiautomator2Driver.commands.getDevicePixelRatio (C:\Users\acer\Downloads\resources\app\node_modules\appium\node_modules\appium-uiautomator2-driver\lib\commands\viewport.js:14:10)
    at AndroidUiautomator2Driver.fillDeviceDetails (C:\Users\acer\Downloads\resources\app\node_modules\appium\node_modules\appium-uiautomator2-driver\lib\driver.js:244:28)
    at AndroidUiautomator2Driver.createSession (C:\Users\acer\Downloads\resources\app\node_modules\appium\node_modules\appium-uiautomator2-driver\lib\driver.js:230:7)
    at AppiumDriver.createSession (C:\Users\acer\Downloads\resources\app\node_modules\appium\lib\appium.js:387:35)</msg>
<arg>${REMOTE_URL}</arg>
<arg>platformName=${platformName}</arg>
<arg>udid=${UDID}</arg>
<arg>appPackage=${APP_PACKAGE}</arg>
<arg>appActivity=${APP_ACTIVITY}</arg>
<doc>Opens a new application to given Appium server.
Capabilities of appium server, Android and iOS,
Please check https://github.com/appium/appium/blob/master/docs/en/writing-running-appium/server-args.md
| *Option*            | *Man.* | *Description*     |
| remote_url          | Yes    | Appium server url |
| alias               | no     | alias             |
| strict_ssl          | No     | allows you to send commands to an invalid certificate host like a self-signed one. |</doc>
<status status="FAIL" start="2024-05-31T22:02:35.778583" elapsed="39.056752">WebDriverException: Message: An unknown server-side error occurred while processing the command. Original error: Could not proxy command to the remote server. Original error: socket hang up
Stacktrace:
UnknownError: An unknown server-side error occurred while processing the command. Original error: Could not proxy command to the remote server. Original error: socket hang up
    at UIA2Proxy.command (C:\Users\acer\Downloads\resources\app\node_modules\appium\node_modules\appium-base-driver\lib\jsonwp-proxy\proxy.js:274:13)
    at runMicrotasks (&lt;anonymous&gt;)
    at processTicksAndRejections (internal/process/task_queues.js:97:5)
    at AndroidUiautomator2Driver.commands.getDevicePixelRatio (C:\Users\acer\Downloads\resources\app\node_modules\appium\node_modules\appium-uiautomator2-driver\lib\commands\viewport.js:14:10)
    at AndroidUiautomator2Driver.fillDeviceDetails (C:\Users\acer\Downloads\resources\app\node_modules\appium\node_modules\appium-uiautomator2-driver\lib\driver.js:244:28)
    at AndroidUiautomator2Driver.createSession (C:\Users\acer\Downloads\resources\app\node_modules\appium\node_modules\appium-uiautomator2-driver\lib\driver.js:230:7)
    at AppiumDriver.createSession (C:\Users\acer\Downloads\resources\app\node_modules\appium\lib\appium.js:387:35)</status>
</kw>
<status status="FAIL" start="2024-05-31T22:02:35.777583" elapsed="39.058751">WebDriverException: Message: An unknown server-side error occurred while processing the command. Original error: Could not proxy command to the remote server. Original error: socket hang up
Stacktrace:
UnknownError: An unknown server-side error occurred while processing the command. Original error: Could not proxy command to the remote server. Original error: socket hang up
    at UIA2Proxy.command (C:\Users\acer\Downloads\resources\app\node_modules\appium\node_modules\appium-base-driver\lib\jsonwp-proxy\proxy.js:274:13)
    at runMicrotasks (&lt;anonymous&gt;)
    at processTicksAndRejections (internal/process/task_queues.js:97:5)
    at AndroidUiautomator2Driver.commands.getDevicePixelRatio (C:\Users\acer\Downloads\resources\app\node_modules\appium\node_modules\appium-uiautomator2-driver\lib\commands\viewport.js:14:10)
    at AndroidUiautomator2Driver.fillDeviceDetails (C:\Users\acer\Downloads\resources\app\node_modules\appium\node_modules\appium-uiautomator2-driver\lib\driver.js:244:28)
    at AndroidUiautomator2Driver.createSession (C:\Users\acer\Downloads\resources\app\node_modules\appium\node_modules\appium-uiautomator2-driver\lib\driver.js:230:7)
    at AppiumDriver.createSession (C:\Users\acer\Downloads\resources\app\node_modules\appium\lib\appium.js:387:35)</status>
</kw>
<status status="FAIL" start="2024-05-31T22:02:35.769590" elapsed="39.068784">Setup failed:
WebDriverException: Message: An unknown server-side error occurred while processing the command. Original error: Could not proxy command to the remote server. Original error: socket hang up
Stacktrace:
UnknownError: An unknown server-side error occurred while processing the command. Original error: Could not proxy command to the remote server. Original error: socket hang up
    at UIA2Proxy.command (C:\Users\acer\Downloads\resources\app\node_modules\appium\node_modules\appium-base-driver\lib\jsonwp-proxy\proxy.js:274:13)
    at runMicrotasks (&lt;anonymous&gt;)
    at processTicksAndRejections (internal/process/task_queues.js:97:5)
    at AndroidUiautomator2Driver.commands.getDevicePixelRatio (C:\Users\acer\Downloads\resources\app\node_modules\appium\node_modules\appium-uiautomator2-driver\lib\commands\viewport.js:14:10)
    at AndroidUiautomator2Driver.fillDeviceDetails (C:\Users\acer\Downloads\resources\app\node_modules\appium\node_modules\appium-uiautomator2-driver\lib\driver.js:244:28)
    at AndroidUiautomator2Driver.createSession (C:\Users\acer\Downloads\resources\app\node_modules\appium\node_modules\appium-uiautomator2-driver\lib\driver.js:230:7)
    at AppiumDriver.createSession (C:\Users\acer\Downloads\resources\app\node_modules\appium\lib\appium.js:387:35)</status>
</test>
<status status="FAIL" start="2024-05-31T22:02:01.555378" elapsed="73.306981"/>
</suite>
<statistics>
<total>
<stat pass="0" fail="2" skip="0">All Tests</stat>
</total>
<tag>
</tag>
<suite>
<stat pass="0" fail="2" skip="0" id="s1" name="Search Flight">Search Flight</stat>
</suite>
</statistics>
<errors>
<msg time="2024-05-31T22:02:35.577029" level="WARN">Keyword 'Capture Page Screenshot' could not be run on failure: WebDriverException: Message: An unknown server-side error occurred while processing the command. Original error: Could not proxy command to the remote server. Original error: socket hang up
Stacktrace:
UnknownError: An unknown server-side error occurred while processing the command. Original error: Could not proxy command to the remote server. Original error: socket hang up
    at UIA2Proxy.command (C:\Users\acer\Downloads\resources\app\node_modules\appium\node_modules\appium-base-driver\lib\jsonwp-proxy\proxy.js:274:13)
    at runMicrotasks (&lt;anonymous&gt;)
    at processTicksAndRejections (internal/process/task_queues.js:97:5)
    at AndroidUiautomator2Driver.commands.getScreenshot (C:\Users\acer\Downloads\resources\app\node_modules\appium\node_modules\appium-uiautomator2-driver\lib\commands\screenshot.js:14:10)</msg>
<msg time="2024-05-31T22:03:14.827341" level="WARN">Keyword 'Capture Page Screenshot' could not be run on failure: WebDriverException: Message: An unknown server-side error occurred while processing the command. Original error: 'GET /screenshot' cannot be proxied to UiAutomator2 server because the instrumentation process is not running (probably crashed). Check the server log and/or the logcat output for more details
Stacktrace:
UnknownError: An unknown server-side error occurred while processing the command. Original error: 'GET /screenshot' cannot be proxied to UiAutomator2 server because the instrumentation process is not running (probably crashed). Check the server log and/or the logcat output for more details
    at UIA2Proxy.command (C:\Users\acer\Downloads\resources\app\node_modules\appium\node_modules\appium-base-driver\lib\jsonwp-proxy\proxy.js:274:13)
    at runMicrotasks (&lt;anonymous&gt;)
    at processTicksAndRejections (internal/process/task_queues.js:97:5)
    at AndroidUiautomator2Driver.commands.getScreenshot (C:\Users\acer\Downloads\resources\app\node_modules\appium\node_modules\appium-uiautomator2-driver\lib\commands\screenshot.js:14:10)</msg>
</errors>
</robot>
